This file contains any messages produced by compilers while
running configure, to aid debugging if configure makes a mistake.

It was created by Claims configure 0.3, which was
generated by GNU Autoconf 2.66.  Invocation command line was

  $ ./configure --prefix=/home/casa/scl/Claims/install/

## --------- ##
## Platform. ##
## --------- ##

hostname = casa
uname -m = x86_64
uname -r = 2.6.32-358.18.1.el6.x86_64
uname -s = Linux
uname -v = #1 SMP Wed Aug 28 17:19:38 UTC 2013

/usr/bin/uname -p = unknown
/bin/uname -X     = unknown

/bin/arch              = x86_64
/usr/bin/arch -k       = unknown
/usr/convex/getsysinfo = unknown
/usr/bin/hostinfo      = unknown
/bin/machine           = unknown
/usr/bin/oslevel       = unknown
/bin/universe          = unknown

PATH: /home/casa/maintenance/hadoop/hadoop-1.0.3/bin
PATH: /home/casa/code/intellij_idea/idea-IC-133.331/bin
PATH: /home/casa/maintenance/scala/scala-2.10.3/bin
PATH: /home/casa/maintenance/ant/apache-ant-1.9.2/bin
PATH: /home/casa/spark-dev/apache-maven-3.1.1/bin
PATH: /home/casa/maintenance/java/jdk1.7.0_45/bin
PATH: /home/casa/maintenance/java/jdk1.7.0_45/jre/bin
PATH: /home/casa/maintenance/hbase/hbase-0.94.13/bin
PATH: /home/casa/maintenance/hive/hive-0.11.0/bin
PATH: /home/casa/maintenance/presto/presto-server-0.52//bin
PATH: /home/casa/maintenance/hadoop/hadoop-1.0.3/bin
PATH: /home/casa/code/intellij_idea/idea-IC-133.331/bin
PATH: /home/casa/maintenance/scala/scala-2.10.3/bin
PATH: /home/casa/maintenance/ant/apache-ant-1.9.2/bin
PATH: /home/casa/spark-dev/apache-maven-3.1.1/bin
PATH: /home/casa/maintenance/java/jdk1.7.0_45/bin
PATH: /bin
PATH: /home/casa/maintenance/hbase/hbase-0.94.13/bin
PATH: /home/casa/maintenance/hive/hive-0.11.0/bin
PATH: /home/casa/maintenance/presto/presto-server-0.52//bin
PATH: /usr/lib64/qt-3.3/bin
PATH: /usr/local/bin
PATH: /usr/bin
PATH: /bin
PATH: /usr/local/sbin
PATH: /usr/sbin
PATH: /sbin/
PATH: /home/casa/bin/


## ----------- ##
## Core tests. ##
## ----------- ##

configure:2389: checking for a BSD-compatible install
configure:2457: result: /usr/bin/install -c
configure:2468: checking whether build environment is sane
configure:2518: result: yes
configure:2659: checking for a thread-safe mkdir -p
configure:2698: result: /bin/mkdir -p
configure:2711: checking for gawk
configure:2727: found /bin/gawk
configure:2738: result: gawk
configure:2749: checking whether make sets $(MAKE)
configure:2771: result: yes
configure:2880: checking build system type
configure:2894: result: x86_64-unknown-linux-gnu
configure:2914: checking host system type
configure:2927: result: x86_64-unknown-linux-gnu
configure:2959: checking for style of include used by make
configure:2987: result: GNU
configure:3057: checking for gcc
configure:3073: found /usr/bin/gcc
configure:3084: result: gcc
configure:3313: checking for C compiler version
configure:3322: gcc --version >&5
gcc (GCC) 4.4.7 20120313 (Red Hat 4.4.7-3)
Copyright (C) 2010 Free Software Foundation, Inc.
This is free software; see the source for copying conditions.  There is NO
warranty; not even for MERCHANTABILITY or FITNESS FOR A PARTICULAR PURPOSE.

configure:3333: $? = 0
configure:3322: gcc -v >&5
Using built-in specs.
Target: x86_64-redhat-linux
Configured with: ../configure --prefix=/usr --mandir=/usr/share/man --infodir=/usr/share/info --with-bugurl=http://bugzilla.redhat.com/bugzilla --enable-bootstrap --enable-shared --enable-threads=posix --enable-checking=release --with-system-zlib --enable-__cxa_atexit --disable-libunwind-exceptions --enable-gnu-unique-object --enable-languages=c,c++,objc,obj-c++,java,fortran,ada --enable-java-awt=gtk --disable-dssi --with-java-home=/usr/lib/jvm/java-1.5.0-gcj-1.5.0.0/jre --enable-libgcj-multifile --enable-java-maintainer-mode --with-ecj-jar=/usr/share/java/eclipse-ecj.jar --disable-libjava-multilib --with-ppl --with-cloog --with-tune=generic --with-arch_32=i686 --build=x86_64-redhat-linux
Thread model: posix
gcc version 4.4.7 20120313 (Red Hat 4.4.7-3) (GCC) 
configure:3333: $? = 0
configure:3322: gcc -V >&5
gcc: '-V' option must have argument
configure:3333: $? = 1
configure:3322: gcc -qversion >&5
gcc: unrecognized option '-qversion'
gcc: no input files
configure:3333: $? = 1
configure:3353: checking whether the C compiler works
configure:3375: gcc    conftest.c  >&5
configure:3379: $? = 0
configure:3427: result: yes
configure:3430: checking for C compiler default output file name
configure:3432: result: a.out
configure:3438: checking for suffix of executables
configure:3445: gcc -o conftest    conftest.c  >&5
configure:3449: $? = 0
configure:3471: result: 
configure:3493: checking whether we are cross compiling
configure:3501: gcc -o conftest    conftest.c  >&5
configure:3505: $? = 0
configure:3512: ./conftest
configure:3516: $? = 0
configure:3531: result: no
configure:3536: checking for suffix of object files
configure:3558: gcc -c   conftest.c >&5
configure:3562: $? = 0
configure:3583: result: o
configure:3587: checking whether we are using the GNU C compiler
configure:3606: gcc -c   conftest.c >&5
configure:3606: $? = 0
configure:3615: result: yes
configure:3624: checking whether gcc accepts -g
configure:3644: gcc -c -g  conftest.c >&5
configure:3644: $? = 0
configure:3685: result: yes
configure:3702: checking for gcc option to accept ISO C89
configure:3766: gcc  -c -g -O2  conftest.c >&5
configure:3766: $? = 0
configure:3779: result: none needed
configure:3801: checking dependency style of gcc
configure:3911: result: gcc3
configure:3926: checking for a sed that does not truncate output
configure:3990: result: /bin/sed
configure:4008: checking for grep that handles long lines and -e
configure:4066: result: /bin/grep
configure:4071: checking for egrep
configure:4133: result: /bin/grep -E
configure:4138: checking for fgrep
configure:4200: result: /bin/grep -F
configure:4235: checking for ld used by gcc
configure:4302: result: /usr/bin/ld
configure:4309: checking if the linker (/usr/bin/ld) is GNU ld
configure:4324: result: yes
configure:4336: checking for BSD- or MS-compatible name lister (nm)
configure:4385: result: /usr/bin/nm -B
configure:4503: checking the name lister (/usr/bin/nm -B) interface
configure:4510: gcc -c -g -O2  conftest.c >&5
configure:4513: /usr/bin/nm -B "conftest.o"
configure:4516: output
0000000000000000 B some_variable
configure:4523: result: BSD nm
configure:4526: checking whether ln -s works
configure:4530: result: yes
configure:4538: checking the maximum length of command line arguments
configure:4658: result: 1966080
configure:4675: checking whether the shell understands some XSI constructs
configure:4685: result: yes
configure:4689: checking whether the shell understands "+="
configure:4695: result: yes
configure:4730: checking for /usr/bin/ld option to reload object files
configure:4737: result: -r
configure:4806: checking for objdump
configure:4822: found /usr/bin/objdump
configure:4833: result: objdump
configure:4865: checking how to recognize dependent libraries
configure:5061: result: pass_all
configure:5121: checking for ar
configure:5137: found /usr/bin/ar
configure:5148: result: ar
configure:5226: checking for strip
configure:5242: found /usr/bin/strip
configure:5253: result: strip
configure:5325: checking for ranlib
configure:5341: found /usr/bin/ranlib
configure:5352: result: ranlib
configure:5442: checking command to parse /usr/bin/nm -B output from gcc object
configure:5560: gcc -c -g -O2  conftest.c >&5
configure:5563: $? = 0
configure:5567: /usr/bin/nm -B conftest.o \| sed -n -e 's/^.*[	 ]\([ABCDGIRSTW][ABCDGIRSTW]*\)[	 ][	 ]*\([_A-Za-z][_A-Za-z0-9]*\)$/\1 \2 \2/p' \> conftest.nm
configure:5570: $? = 0
configure:5624: gcc -o conftest -g -O2   conftest.c conftstm.o >&5
configure:5627: $? = 0
configure:5665: result: ok
configure:5761: gcc -c -g -O2  conftest.c >&5
configure:5764: $? = 0
configure:6474: checking how to run the C preprocessor
configure:6505: gcc -E  conftest.c
configure:6505: $? = 0
configure:6519: gcc -E  conftest.c
conftest.c:11:28: error: ac_nonexistent.h: No such file or directory
configure:6519: $? = 1
configure: failed program was:
| /* confdefs.h */
| #define PACKAGE_NAME "Claims"
| #define PACKAGE_TARNAME "claims"
| #define PACKAGE_VERSION "0.3"
| #define PACKAGE_STRING "Claims 0.3"
| #define PACKAGE_BUGREPORT "imdb@ecnu"
| #define PACKAGE_URL ""
| #define PACKAGE "claims"
| #define VERSION "0.3"
| /* end confdefs.h.  */
| #include <ac_nonexistent.h>
configure:6544: result: gcc -E
configure:6564: gcc -E  conftest.c
configure:6564: $? = 0
configure:6578: gcc -E  conftest.c
conftest.c:11:28: error: ac_nonexistent.h: No such file or directory
configure:6578: $? = 1
configure: failed program was:
| /* confdefs.h */
| #define PACKAGE_NAME "Claims"
| #define PACKAGE_TARNAME "claims"
| #define PACKAGE_VERSION "0.3"
| #define PACKAGE_STRING "Claims 0.3"
| #define PACKAGE_BUGREPORT "imdb@ecnu"
| #define PACKAGE_URL ""
| #define PACKAGE "claims"
| #define VERSION "0.3"
| /* end confdefs.h.  */
| #include <ac_nonexistent.h>
configure:6607: checking for ANSI C header files
configure:6627: gcc -c -g -O2  conftest.c >&5
configure:6627: $? = 0
configure:6700: gcc -o conftest -g -O2   conftest.c  >&5
configure:6700: $? = 0
configure:6700: ./conftest
configure:6700: $? = 0
configure:6711: result: yes
configure:6724: checking for sys/types.h
configure:6724: gcc -c -g -O2  conftest.c >&5
configure:6724: $? = 0
configure:6724: result: yes
configure:6724: checking for sys/stat.h
configure:6724: gcc -c -g -O2  conftest.c >&5
configure:6724: $? = 0
configure:6724: result: yes
configure:6724: checking for stdlib.h
configure:6724: gcc -c -g -O2  conftest.c >&5
configure:6724: $? = 0
configure:6724: result: yes
configure:6724: checking for string.h
configure:6724: gcc -c -g -O2  conftest.c >&5
configure:6724: $? = 0
configure:6724: result: yes
configure:6724: checking for memory.h
configure:6724: gcc -c -g -O2  conftest.c >&5
configure:6724: $? = 0
configure:6724: result: yes
configure:6724: checking for strings.h
configure:6724: gcc -c -g -O2  conftest.c >&5
configure:6724: $? = 0
configure:6724: result: yes
configure:6724: checking for inttypes.h
configure:6724: gcc -c -g -O2  conftest.c >&5
configure:6724: $? = 0
configure:6724: result: yes
configure:6724: checking for stdint.h
configure:6724: gcc -c -g -O2  conftest.c >&5
configure:6724: $? = 0
configure:6724: result: yes
configure:6724: checking for unistd.h
configure:6724: gcc -c -g -O2  conftest.c >&5
configure:6724: $? = 0
configure:6724: result: yes
configure:6738: checking for dlfcn.h
configure:6738: gcc -c -g -O2  conftest.c >&5
configure:6738: $? = 0
configure:6738: result: yes
configure:6922: checking for objdir
configure:6937: result: .libs
configure:7229: checking if gcc supports -fno-rtti -fno-exceptions
configure:7247: gcc -c -g -O2  -fno-rtti -fno-exceptions conftest.c >&5
cc1: warning: command line option "-fno-rtti" is valid for C++/ObjC++ but not for C
configure:7251: $? = 0
configure:7264: result: no
configure:7284: checking for gcc option to produce PIC
configure:7556: result: -fPIC -DPIC
configure:7568: checking if gcc PIC flag -fPIC -DPIC works
configure:7586: gcc -c -g -O2  -fPIC -DPIC -DPIC conftest.c >&5
configure:7590: $? = 0
configure:7603: result: yes
configure:7627: checking if gcc static flag -static works
configure:7655: result: no
configure:7670: checking if gcc supports -c -o file.o
configure:7691: gcc -c -g -O2  -o out/conftest2.o conftest.c >&5
configure:7695: $? = 0
configure:7717: result: yes
configure:7725: checking if gcc supports -c -o file.o
configure:7772: result: yes
configure:7805: checking whether the gcc linker (/usr/bin/ld -m elf_x86_64) supports shared libraries
configure:8791: result: yes
configure:8828: checking whether -lc should be explicitly linked in
configure:8833: gcc -c -g -O2  conftest.c >&5
configure:8836: $? = 0
configure:8851: gcc -shared conftest.o  -v -Wl,-soname -Wl,conftest -o conftest 2\>\&1 \| /bin/grep  -lc  \>/dev/null 2\>\&1
configure:8854: $? = 0
configure:8866: result: no
configure:9030: checking dynamic linker characteristics
configure:9463: gcc -o conftest -g -O2   -Wl,-rpath -Wl,/foo conftest.c  >&5
configure:9463: $? = 0
configure:9684: result: GNU/Linux ld.so
configure:9786: checking how to hardcode library paths into programs
configure:9811: result: immediate
configure:10331: checking whether stripping libraries is possible
configure:10336: result: yes
configure:10371: checking if libtool supports shared libraries
configure:10373: result: yes
configure:10376: checking whether to build shared libraries
configure:10397: result: yes
configure:10400: checking whether to build static libraries
configure:10404: result: yes
configure:10499: checking for g++
configure:10515: found /usr/bin/g++
configure:10526: result: g++
configure:10553: checking for C++ compiler version
configure:10562: g++ --version >&5
g++ (GCC) 4.4.7 20120313 (Red Hat 4.4.7-3)
Copyright (C) 2010 Free Software Foundation, Inc.
This is free software; see the source for copying conditions.  There is NO
warranty; not even for MERCHANTABILITY or FITNESS FOR A PARTICULAR PURPOSE.

configure:10573: $? = 0
configure:10562: g++ -v >&5
Using built-in specs.
Target: x86_64-redhat-linux
Configured with: ../configure --prefix=/usr --mandir=/usr/share/man --infodir=/usr/share/info --with-bugurl=http://bugzilla.redhat.com/bugzilla --enable-bootstrap --enable-shared --enable-threads=posix --enable-checking=release --with-system-zlib --enable-__cxa_atexit --disable-libunwind-exceptions --enable-gnu-unique-object --enable-languages=c,c++,objc,obj-c++,java,fortran,ada --enable-java-awt=gtk --disable-dssi --with-java-home=/usr/lib/jvm/java-1.5.0-gcj-1.5.0.0/jre --enable-libgcj-multifile --enable-java-maintainer-mode --with-ecj-jar=/usr/share/java/eclipse-ecj.jar --disable-libjava-multilib --with-ppl --with-cloog --with-tune=generic --with-arch_32=i686 --build=x86_64-redhat-linux
Thread model: posix
gcc version 4.4.7 20120313 (Red Hat 4.4.7-3) (GCC) 
configure:10573: $? = 0
configure:10562: g++ -V >&5
g++: '-V' option must have argument
configure:10573: $? = 1
configure:10562: g++ -qversion >&5
g++: unrecognized option '-qversion'
g++: no input files
configure:10573: $? = 1
configure:10577: checking whether we are using the GNU C++ compiler
configure:10596: g++ -c -g -w -O0 conftest.cpp >&5
configure:10596: $? = 0
configure:10605: result: yes
configure:10614: checking whether g++ accepts -g
configure:10634: g++ -c -g -w -O0 conftest.cpp >&5
configure:10634: $? = 0
configure:10675: result: yes
configure:10700: checking dependency style of g++
configure:10810: result: gcc3
configure:10938: checking for C++ compiler version
configure:10947: g++ --version >&5
g++ (GCC) 4.4.7 20120313 (Red Hat 4.4.7-3)
Copyright (C) 2010 Free Software Foundation, Inc.
This is free software; see the source for copying conditions.  There is NO
warranty; not even for MERCHANTABILITY or FITNESS FOR A PARTICULAR PURPOSE.

configure:10958: $? = 0
configure:10947: g++ -v >&5
Using built-in specs.
Target: x86_64-redhat-linux
Configured with: ../configure --prefix=/usr --mandir=/usr/share/man --infodir=/usr/share/info --with-bugurl=http://bugzilla.redhat.com/bugzilla --enable-bootstrap --enable-shared --enable-threads=posix --enable-checking=release --with-system-zlib --enable-__cxa_atexit --disable-libunwind-exceptions --enable-gnu-unique-object --enable-languages=c,c++,objc,obj-c++,java,fortran,ada --enable-java-awt=gtk --disable-dssi --with-java-home=/usr/lib/jvm/java-1.5.0-gcj-1.5.0.0/jre --enable-libgcj-multifile --enable-java-maintainer-mode --with-ecj-jar=/usr/share/java/eclipse-ecj.jar --disable-libjava-multilib --with-ppl --with-cloog --with-tune=generic --with-arch_32=i686 --build=x86_64-redhat-linux
Thread model: posix
gcc version 4.4.7 20120313 (Red Hat 4.4.7-3) (GCC) 
configure:10958: $? = 0
configure:10947: g++ -V >&5
g++: '-V' option must have argument
configure:10958: $? = 1
configure:10947: g++ -qversion >&5
g++: unrecognized option '-qversion'
g++: no input files
configure:10958: $? = 1
configure:10962: checking whether we are using the GNU C++ compiler
configure:10990: result: yes
configure:10999: checking whether g++ accepts -g
configure:11060: result: yes
configure:11085: checking dependency style of g++
configure:11195: result: gcc3
configure:11218: checking how to run the C++ preprocessor
configure:11245: g++ -E -w -O0 conftest.cpp
configure:11245: $? = 0
configure:11259: g++ -E -w -O0 conftest.cpp
conftest.cpp:23:28: error: ac_nonexistent.h: No such file or directory
configure:11259: $? = 1
configure: failed program was:
| /* confdefs.h */
| #define PACKAGE_NAME "Claims"
| #define PACKAGE_TARNAME "claims"
| #define PACKAGE_VERSION "0.3"
| #define PACKAGE_STRING "Claims 0.3"
| #define PACKAGE_BUGREPORT "imdb@ecnu"
| #define PACKAGE_URL ""
| #define PACKAGE "claims"
| #define VERSION "0.3"
| #define STDC_HEADERS 1
| #define HAVE_SYS_TYPES_H 1
| #define HAVE_SYS_STAT_H 1
| #define HAVE_STDLIB_H 1
| #define HAVE_STRING_H 1
| #define HAVE_MEMORY_H 1
| #define HAVE_STRINGS_H 1
| #define HAVE_INTTYPES_H 1
| #define HAVE_STDINT_H 1
| #define HAVE_UNISTD_H 1
| #define HAVE_DLFCN_H 1
| #define LT_OBJDIR ".libs/"
| /* end confdefs.h.  */
| #include <ac_nonexistent.h>
configure:11284: result: g++ -E
configure:11304: g++ -E -w -O0 conftest.cpp
configure:11304: $? = 0
configure:11318: g++ -E -w -O0 conftest.cpp
conftest.cpp:23:28: error: ac_nonexistent.h: No such file or directory
configure:11318: $? = 1
configure: failed program was:
| /* confdefs.h */
| #define PACKAGE_NAME "Claims"
| #define PACKAGE_TARNAME "claims"
| #define PACKAGE_VERSION "0.3"
| #define PACKAGE_STRING "Claims 0.3"
| #define PACKAGE_BUGREPORT "imdb@ecnu"
| #define PACKAGE_URL ""
| #define PACKAGE "claims"
| #define VERSION "0.3"
| #define STDC_HEADERS 1
| #define HAVE_SYS_TYPES_H 1
| #define HAVE_SYS_STAT_H 1
| #define HAVE_STDLIB_H 1
| #define HAVE_STRING_H 1
| #define HAVE_MEMORY_H 1
| #define HAVE_STRINGS_H 1
| #define HAVE_INTTYPES_H 1
| #define HAVE_STDINT_H 1
| #define HAVE_UNISTD_H 1
| #define HAVE_DLFCN_H 1
| #define LT_OBJDIR ".libs/"
| /* end confdefs.h.  */
| #include <ac_nonexistent.h>
configure:11486: checking for ld used by g++
configure:11553: result: /usr/bin/ld -m elf_x86_64
configure:11560: checking if the linker (/usr/bin/ld -m elf_x86_64) is GNU ld
configure:11575: result: yes
configure:11630: checking whether the g++ linker (/usr/bin/ld -m elf_x86_64) supports shared libraries
configure:12543: result: yes
configure:12571: g++ -c -g -w -O0 conftest.cpp >&5
configure:12574: $? = 0
configure:12756: checking for g++ option to produce PIC
configure:13073: result: -fPIC -DPIC
configure:13082: checking if g++ PIC flag -fPIC -DPIC works
configure:13100: g++ -c -g -w -O0 -fPIC -DPIC -DPIC conftest.cpp >&5
configure:13104: $? = 0
configure:13117: result: yes
configure:13138: checking if g++ static flag -static works
configure:13166: result: no
configure:13178: checking if g++ supports -c -o file.o
configure:13199: g++ -c -g -w -O0 -o out/conftest2.o conftest.cpp >&5
configure:13203: $? = 0
configure:13225: result: yes
configure:13230: checking if g++ supports -c -o file.o
configure:13277: result: yes
configure:13307: checking whether the g++ linker (/usr/bin/ld -m elf_x86_64) supports shared libraries
configure:13333: result: yes
configure:13470: checking dynamic linker characteristics
configure:13851: g++ -o conftest -g -w -O0  -Wl,-rpath -Wl,/foo conftest.cpp  >&5
configure:13851: $? = 0
configure:14072: result: GNU/Linux ld.so
configure:14123: checking how to hardcode library paths into programs
configure:14148: result: immediate
configure:14318: creating ./config.status

## ---------------------- ##
## Running config.status. ##
## ---------------------- ##

This file was extended by Claims config.status 0.3, which was
generated by GNU Autoconf 2.66.  Invocation command line was

  CONFIG_FILES    = 
  CONFIG_HEADERS  = 
  CONFIG_LINKS    = 
  CONFIG_COMMANDS = 
  $ ./config.status 

on casa

config.status:1164: creating Makefile
config.status:1164: creating BlockStreamIterator/Makefile
config.status:1164: creating BlockStreamIterator/ParallelBlockStreamIterator/Makefile
config.status:1164: creating BlockStreamIterator/ParallelBlockStreamIterator/Test/Makefile
config.status:1164: creating BlockStreamIterator/Serialization/Makefile
config.status:1164: creating BufferManager/Makefile
config.status:1164: creating Catalog/Makefile
config.status:1164: creating Catalog/Test/Makefile
config.status:1164: creating Catalog/stat/Makefile
config.status:1164: creating Client/Makefile
config.status:1164: creating Client/Test/Makefile
config.status:1164: creating common/Makefile
config.status:1164: creating common/Block/Makefile
config.status:1164: creating common/Schema/Makefile
config.status:1164: creating common/Schema/Test/Makefile
config.status:1164: creating common/types/Makefile
config.status:1164: creating common/types/Test/Makefile
config.status:1164: creating common/types/ttmath/Makefile
config.status:1164: creating cmysql/Makefile
config.status:1164: creating Daemon/Makefile
config.status:1164: creating Daemon/Test/Makefile
config.status:1164: creating Executor/Makefile
config.status:1164: creating Executor/Test/Makefile
config.status:1164: creating IndexManager/Makefile
config.status:1164: creating IndexManager/Test/Makefile
config.status:1164: creating Loader/Makefile
config.status:1164: creating Loader/Test/Makefile
config.status:1164: creating LogicalQueryPlan/Makefile
config.status:1164: creating LogicalQueryPlan/Test/Makefile
config.status:1164: creating Parsetree/Makefile
config.status:1164: creating Parsetree/Test/Makefile
config.status:1164: creating Resource/Makefile
config.status:1164: creating Scheduler/Makefile
config.status:1164: creating Scheduler/test/Makefile
config.status:1164: creating storage/Makefile
config.status:1164: creating Test/Makefile
config.status:1164: creating Test/common/Makefile
config.status:1164: creating Test/TestSuit/Makefile
config.status:1164: creating Test/utility/Makefile
config.status:1164: creating try/Makefile
config.status:1164: creating utility/Makefile
config.status:1164: creating config.h
config.status:1392: executing depfiles commands
config.status:1392: executing libtool commands

## ---------------- ##
## Cache variables. ##
## ---------------- ##

ac_cv_build=x86_64-unknown-linux-gnu
ac_cv_c_compiler_gnu=yes
ac_cv_cxx_compiler_gnu=yes
ac_cv_env_CCC_set=
ac_cv_env_CCC_value=
ac_cv_env_CC_set=
ac_cv_env_CC_value=
ac_cv_env_CFLAGS_set=
ac_cv_env_CFLAGS_value=
ac_cv_env_CPPFLAGS_set=
ac_cv_env_CPPFLAGS_value=
ac_cv_env_CPP_set=
ac_cv_env_CPP_value=
ac_cv_env_CXXCPP_set=
ac_cv_env_CXXCPP_value=
ac_cv_env_CXXFLAGS_set=
ac_cv_env_CXXFLAGS_value=
ac_cv_env_CXX_set=
ac_cv_env_CXX_value=
ac_cv_env_LDFLAGS_set=
ac_cv_env_LDFLAGS_value=
ac_cv_env_LIBS_set=
ac_cv_env_LIBS_value=
ac_cv_env_build_alias_set=
ac_cv_env_build_alias_value=
ac_cv_env_host_alias_set=
ac_cv_env_host_alias_value=
ac_cv_env_target_alias_set=
ac_cv_env_target_alias_value=
ac_cv_header_dlfcn_h=yes
ac_cv_header_inttypes_h=yes
ac_cv_header_memory_h=yes
ac_cv_header_stdc=yes
ac_cv_header_stdint_h=yes
ac_cv_header_stdlib_h=yes
ac_cv_header_string_h=yes
ac_cv_header_strings_h=yes
ac_cv_header_sys_stat_h=yes
ac_cv_header_sys_types_h=yes
ac_cv_header_unistd_h=yes
ac_cv_host=x86_64-unknown-linux-gnu
ac_cv_objext=o
ac_cv_path_EGREP='/bin/grep -E'
ac_cv_path_FGREP='/bin/grep -F'
ac_cv_path_GREP=/bin/grep
ac_cv_path_SED=/bin/sed
ac_cv_path_install='/usr/bin/install -c'
ac_cv_path_mkdir=/bin/mkdir
ac_cv_prog_AWK=gawk
ac_cv_prog_CPP='gcc -E'
ac_cv_prog_CXXCPP='g++ -E'
ac_cv_prog_ac_ct_AR=ar
ac_cv_prog_ac_ct_CC=gcc
ac_cv_prog_ac_ct_CXX=g++
ac_cv_prog_ac_ct_OBJDUMP=objdump
ac_cv_prog_ac_ct_RANLIB=ranlib
ac_cv_prog_ac_ct_STRIP=strip
ac_cv_prog_cc_c89=
ac_cv_prog_cc_g=yes
ac_cv_prog_cxx_g=yes
ac_cv_prog_make_make_set=yes
am_cv_CC_dependencies_compiler_type=gcc3
am_cv_CXX_dependencies_compiler_type=gcc3
lt_cv_deplibs_check_method=pass_all
lt_cv_file_magic_cmd='$MAGIC_CMD'
lt_cv_file_magic_test_file=
lt_cv_ld_reload_flag=-r
lt_cv_nm_interface='BSD nm'
lt_cv_objdir=.libs
lt_cv_path_LD=/usr/bin/ld
lt_cv_path_LDCXX='/usr/bin/ld -m elf_x86_64'
lt_cv_path_NM='/usr/bin/nm -B'
lt_cv_prog_compiler_c_o=yes
lt_cv_prog_compiler_c_o_CXX=yes
lt_cv_prog_compiler_pic_works=yes
lt_cv_prog_compiler_pic_works_CXX=yes
lt_cv_prog_compiler_rtti_exceptions=no
lt_cv_prog_compiler_static_works=no
lt_cv_prog_compiler_static_works_CXX=no
lt_cv_prog_gnu_ld=yes
lt_cv_prog_gnu_ldcxx=yes
lt_cv_sys_global_symbol_pipe='sed -n -e '\''s/^.*[	 ]\([ABCDGIRSTW][ABCDGIRSTW]*\)[	 ][	 ]*\([_A-Za-z][_A-Za-z0-9]*\)$/\1 \2 \2/p'\'''
lt_cv_sys_global_symbol_to_c_name_address='sed -n -e '\''s/^: \([^ ]*\) $/  {\"\1\", (void *) 0},/p'\'' -e '\''s/^[ABCDGIRSTW]* \([^ ]*\) \([^ ]*\)$/  {"\2", (void *) \&\2},/p'\'''
lt_cv_sys_global_symbol_to_c_name_address_lib_prefix='sed -n -e '\''s/^: \([^ ]*\) $/  {\"\1\", (void *) 0},/p'\'' -e '\''s/^[ABCDGIRSTW]* \([^ ]*\) \(lib[^ ]*\)$/  {"\2", (void *) \&\2},/p'\'' -e '\''s/^[ABCDGIRSTW]* \([^ ]*\) \([^ ]*\)$/  {"lib\2", (void *) \&\2},/p'\'''
lt_cv_sys_global_symbol_to_cdecl='sed -n -e '\''s/^T .* \(.*\)$/extern int \1();/p'\'' -e '\''s/^[ABCDGIRSTW]* .* \(.*\)$/extern char \1;/p'\'''
lt_cv_sys_max_cmd_len=1966080

## ----------------- ##
## Output variables. ##
## ----------------- ##

ACLOCAL='${SHELL} /home/casa/scl/Claims/missing --run aclocal-1.11'
AMDEPBACKSLASH='\'
AMDEP_FALSE='#'
AMDEP_TRUE=''
AMTAR='${SHELL} /home/casa/scl/Claims/missing --run tar'
AR='ar'
AUTOCONF='${SHELL} /home/casa/scl/Claims/missing --run autoconf'
AUTOHEADER='${SHELL} /home/casa/scl/Claims/missing --run autoheader'
AUTOMAKE='${SHELL} /home/casa/scl/Claims/missing --run automake-1.11'
AWK='gawk'
CC='gcc'
CCDEPMODE='depmode=gcc3'
CFLAGS='-g -O2'
CPP='gcc -E'
CPPFLAGS='-w -O0'
CXX='g++'
CXXCPP='g++ -E'
CXXDEPMODE='depmode=gcc3'
CXXFLAGS='-g'
CYGPATH_W='echo'
DEFS='-DHAVE_CONFIG_H'
DEPDIR='.deps'
DSYMUTIL=''
DUMPBIN=''
ECHO_C=''
ECHO_N='-n'
ECHO_T=''
EGREP='/bin/grep -E'
EXEEXT=''
FGREP='/bin/grep -F'
GREP='/bin/grep'
INSTALL_DATA='${INSTALL} -m 644'
INSTALL_PROGRAM='${INSTALL}'
INSTALL_SCRIPT='${INSTALL}'
INSTALL_STRIP_PROGRAM='$(install_sh) -c -s'
LD='/usr/bin/ld -m elf_x86_64'
LDFLAGS=''
LIBOBJS=''
LIBS=''
LIBTOOL='$(SHELL) $(top_builddir)/libtool'
LIPO=''
LN_S='ln -s'
LTLIBOBJS=''
MAKEINFO='${SHELL} /home/casa/scl/Claims/missing --run makeinfo'
MKDIR_P='/bin/mkdir -p'
NM='/usr/bin/nm -B'
NMEDIT=''
OBJDUMP='objdump'
OBJEXT='o'
OTOOL64=''
OTOOL=''
PACKAGE='claims'
PACKAGE_BUGREPORT='imdb@ecnu'
PACKAGE_NAME='Claims'
PACKAGE_STRING='Claims 0.3'
PACKAGE_TARNAME='claims'
PACKAGE_URL=''
PACKAGE_VERSION='0.3'
PATH_SEPARATOR=':'
RANLIB='ranlib'
SED='/bin/sed'
SET_MAKE=''
SHELL='/bin/sh'
STRIP='strip'
VERSION='0.3'
ac_ct_CC='gcc'
ac_ct_CXX='g++'
ac_ct_DUMPBIN=''
am__EXEEXT_FALSE=''
am__EXEEXT_TRUE='#'
am__fastdepCC_FALSE='#'
am__fastdepCC_TRUE=''
am__fastdepCXX_FALSE='#'
am__fastdepCXX_TRUE=''
am__include='include'
am__isrc=''
am__leading_dot='.'
am__quote=''
am__tar='${AMTAR} chof - "$$tardir"'
am__untar='${AMTAR} xf -'
bindir='${exec_prefix}/bin'
build='x86_64-unknown-linux-gnu'
build_alias=''
build_cpu='x86_64'
build_os='linux-gnu'
build_vendor='unknown'
datadir='${datarootdir}'
datarootdir='${prefix}/share'
docdir='${datarootdir}/doc/${PACKAGE_TARNAME}'
dvidir='${docdir}'
exec_prefix='${prefix}'
host='x86_64-unknown-linux-gnu'
host_alias=''
host_cpu='x86_64'
host_os='linux-gnu'
host_vendor='unknown'
htmldir='${docdir}'
includedir='${prefix}/include'
infodir='${datarootdir}/info'
install_sh='${SHELL} /home/casa/scl/Claims/install-sh'
libdir='${exec_prefix}/lib'
libexecdir='${exec_prefix}/libexec'
localedir='${datarootdir}/locale'
localstatedir='${prefix}/var'
lt_ECHO='echo'
mandir='${datarootdir}/man'
mkdir_p='/bin/mkdir -p'
oldincludedir='/usr/include'
pdfdir='${docdir}'
prefix='/home/casa/scl/Claims/install'
program_transform_name='s,x,x,'
psdir='${docdir}'
sbindir='${exec_prefix}/sbin'
sharedstatedir='${prefix}/com'
sysconfdir='${prefix}/etc'
target_alias=''

## ----------- ##
## confdefs.h. ##
## ----------- ##

/* confdefs.h */
#define PACKAGE_NAME "Claims"
#define PACKAGE_TARNAME "claims"
#define PACKAGE_VERSION "0.3"
#define PACKAGE_STRING "Claims 0.3"
#define PACKAGE_BUGREPORT "imdb@ecnu"
#define PACKAGE_URL ""
#define PACKAGE "claims"
#define VERSION "0.3"
#define STDC_HEADERS 1
#define HAVE_SYS_TYPES_H 1
#define HAVE_SYS_STAT_H 1
#define HAVE_STDLIB_H 1
#define HAVE_STRING_H 1
#define HAVE_MEMORY_H 1
#define HAVE_STRINGS_H 1
#define HAVE_INTTYPES_H 1
#define HAVE_STDINT_H 1
#define HAVE_UNISTD_H 1
#define HAVE_DLFCN_H 1
#define LT_OBJDIR ".libs/"

configure: exit 0

## ---------------------- ##
## Running config.status. ##
## ---------------------- ##

This file was extended by Claims config.status 0.3, which was
generated by GNU Autoconf 2.66.  Invocation command line was

  CONFIG_FILES    = 
  CONFIG_HEADERS  = 
  CONFIG_LINKS    = 
  CONFIG_COMMANDS = 
  $ ./config.status config.h

on casa

config.status:1164: creating config.h
config.status:1344: config.h is unchanged
